#! /usr/bin/vvp
:ivl_version "12.0 (stable)";
:ivl_delay_selection "TYPICAL";
:vpi_time_precision - 12;
:vpi_module "/usr/lib/x86_64-linux-gnu/ivl/system.vpi";
:vpi_module "/usr/lib/x86_64-linux-gnu/ivl/vhdl_sys.vpi";
:vpi_module "/usr/lib/x86_64-linux-gnu/ivl/vhdl_textio.vpi";
:vpi_module "/usr/lib/x86_64-linux-gnu/ivl/v2005_math.vpi";
:vpi_module "/usr/lib/x86_64-linux-gnu/ivl/va_math.vpi";
S_0x5c5e4939c580 .scope module, "tb_seq_detector" "tb_seq_detector" 2 3;
 .timescale -9 -12;
v0x5c5e493d86f0_0 .var "clk", 0 0;
v0x5c5e493d87b0_0 .net "detected", 0 0, L_0x5c5e493d8e70;  1 drivers
v0x5c5e493d8870_0 .var "reset", 0 0;
v0x5c5e493d8940_0 .net "seq_input", 0 0, v0x5c5e493d7a00_0;  1 drivers
S_0x5c5e4939c710 .scope module, "uut" "seq_detector" 2 9, 3 3 0, S_0x5c5e4939c580;
 .timescale -9 -12;
    .port_info 0 /INPUT 1 "clk";
    .port_info 1 /INPUT 1 "reset";
    .port_info 2 /OUTPUT 1 "detected";
    .port_info 3 /OUTPUT 1 "seq_input";
P_0x5c5e493b2f10 .param/l "DETECT_1" 1 3 35, C4<100>;
P_0x5c5e493b2f50 .param/l "DETECT_8" 1 3 28, C4<100>;
P_0x5c5e493b2f90 .param/l "IDLE_1" 1 3 31, C4<000>;
P_0x5c5e493b2fd0 .param/l "IDLE_8" 1 3 24, C4<000>;
P_0x5c5e493b3010 .param/l "S1_1" 1 3 32, C4<001>;
P_0x5c5e493b3050 .param/l "S1_8" 1 3 25, C4<001>;
P_0x5c5e493b3090 .param/l "S2_1" 1 3 33, C4<010>;
P_0x5c5e493b30d0 .param/l "S2_8" 1 3 26, C4<010>;
P_0x5c5e493b3110 .param/l "S3_1" 1 3 34, C4<011>;
P_0x5c5e493b3150 .param/l "S3_8" 1 3 27, C4<011>;
L_0x5c5e493d8b20 .functor BUFZ 1, v0x5c5e493d86f0_0, C4<0>, C4<0>, C4<0>;
L_0x5c5e493d8e70 .functor OR 1, L_0x5c5e493d8c20, L_0x5c5e493d8d20, C4<0>, C4<0>;
L_0x71b315557018 .functor BUFT 1, C4<100>, C4<0>, C4<0>, C4<0>;
v0x5c5e493d7c30_0 .net/2u *"_ivl_2", 2 0, L_0x71b315557018;  1 drivers
v0x5c5e493d7d10_0 .net *"_ivl_4", 0 0, L_0x5c5e493d8c20;  1 drivers
L_0x71b315557060 .functor BUFT 1, C4<100>, C4<0>, C4<0>, C4<0>;
v0x5c5e493d7dd0_0 .net/2u *"_ivl_6", 2 0, L_0x71b315557060;  1 drivers
v0x5c5e493d7e90_0 .net *"_ivl_8", 0 0, L_0x5c5e493d8d20;  1 drivers
v0x5c5e493d7f50_0 .net "clk", 0 0, v0x5c5e493d86f0_0;  1 drivers
RS_0x71b3155a0048 .resolv tri, L_0x5c5e493d8a30, L_0x5c5e493d8b20;
v0x5c5e493d8090_0 .net8 "clk_div", 0 0, RS_0x71b3155a0048;  2 drivers
v0x5c5e493d8130_0 .net "detected", 0 0, L_0x5c5e493d8e70;  alias, 1 drivers
v0x5c5e493d81d0_0 .var "next_state_1", 2 0;
v0x5c5e493d82b0_0 .var "next_state_8", 2 0;
v0x5c5e493d8390_0 .net "reset", 0 0, v0x5c5e493d8870_0;  1 drivers
v0x5c5e493d8430_0 .net "seq_input", 0 0, v0x5c5e493d7a00_0;  alias, 1 drivers
v0x5c5e493d84d0_0 .var "state_1", 2 0;
v0x5c5e493d8590_0 .var "state_8", 2 0;
E_0x5c5e49362950 .event anyedge, v0x5c5e493d8590_0, v0x5c5e493d7a00_0, v0x5c5e493d84d0_0;
E_0x5c5e49362e30/0 .event negedge, v0x5c5e493d72b0_0;
E_0x5c5e49362e30/1 .event posedge, v0x5c5e493956a0_0;
E_0x5c5e49362e30 .event/or E_0x5c5e49362e30/0, E_0x5c5e49362e30/1;
L_0x5c5e493d8c20 .cmp/eq 3, v0x5c5e493d82b0_0, L_0x71b315557018;
L_0x5c5e493d8d20 .cmp/eq 3, v0x5c5e493d81d0_0, L_0x71b315557060;
S_0x5c5e493a9bc0 .scope module, "cd" "clk_divider" 3 9, 4 1 0, S_0x5c5e4939c710;
 .timescale -9 -12;
    .port_info 0 /INPUT 1 "clk";
    .port_info 1 /INPUT 1 "reset";
    .port_info 2 /OUTPUT 1 "clk_out";
v0x5c5e49395600_0 .net "clk", 0 0, v0x5c5e493d86f0_0;  alias, 1 drivers
v0x5c5e493956a0_0 .net8 "clk_out", 0 0, RS_0x71b3155a0048;  alias, 2 drivers
v0x5c5e493d71f0_0 .var "counter", 25 0;
v0x5c5e493d72b0_0 .net "reset", 0 0, v0x5c5e493d8870_0;  alias, 1 drivers
E_0x5c5e4939b2e0 .event posedge, v0x5c5e493d72b0_0, v0x5c5e49395600_0;
L_0x5c5e493d8a30 .part v0x5c5e493d71f0_0, 25, 1;
S_0x5c5e493d73f0 .scope module, "sg" "seq_generator" 3 14, 5 3 0, S_0x5c5e4939c710;
 .timescale -9 -12;
    .port_info 0 /INPUT 1 "clk";
    .port_info 1 /INPUT 1 "reset";
    .port_info 2 /OUTPUT 1 "seq_input";
P_0x5c5e493b5f70 .param/l "COUNTER_WIDTH" 0 5 11, +C4<00000000000000000000000000001000>;
P_0x5c5e493b5fb0 .param/l "MEM_SIZE" 0 5 10, +C4<00000000000000000000000001000000>;
v0x5c5e493d76c0_0 .net "clk", 0 0, v0x5c5e493d86f0_0;  alias, 1 drivers
v0x5c5e493d7780_0 .var/i "i", 31 0;
v0x5c5e493d7840_0 .var "mem_index", 7 0;
v0x5c5e493d7930_0 .net "reset", 0 0, v0x5c5e493d8870_0;  alias, 1 drivers
v0x5c5e493d7a00_0 .var "seq_input", 0 0;
v0x5c5e493d7af0 .array "test_memory", 63 0, 0 0;
    .scope S_0x5c5e493a9bc0;
T_0 ;
    %wait E_0x5c5e4939b2e0;
    %load/vec4 v0x5c5e493d72b0_0;
    %flag_set/vec4 8;
    %jmp/0xz  T_0.0, 8;
    %pushi/vec4 0, 0, 26;
    %assign/vec4 v0x5c5e493d71f0_0, 0;
    %jmp T_0.1;
T_0.0 ;
    %load/vec4 v0x5c5e493d71f0_0;
    %addi 1, 0, 26;
    %assign/vec4 v0x5c5e493d71f0_0, 0;
T_0.1 ;
    %jmp T_0;
    .thread T_0;
    .scope S_0x5c5e493d73f0;
T_1 ;
    %pushi/vec4 0, 0, 32;
    %store/vec4 v0x5c5e493d7780_0, 0, 32;
T_1.0 ;
    %load/vec4 v0x5c5e493d7780_0;
    %cmpi/s 64, 0, 32;
    %jmp/0xz T_1.1, 5;
    %pushi/vec4 0, 0, 1;
    %ix/getv/s 4, v0x5c5e493d7780_0;
    %store/vec4a v0x5c5e493d7af0, 4, 0;
    %load/vec4 v0x5c5e493d7780_0;
    %addi 1, 0, 32;
    %store/vec4 v0x5c5e493d7780_0, 0, 32;
    %jmp T_1.0;
T_1.1 ;
    %pushi/vec4 0, 0, 1;
    %ix/load 4, 0, 0;
    %flag_set/imm 4, 0;
    %store/vec4a v0x5c5e493d7af0, 4, 0;
    %pushi/vec4 0, 0, 1;
    %ix/load 4, 1, 0;
    %flag_set/imm 4, 0;
    %store/vec4a v0x5c5e493d7af0, 4, 0;
    %pushi/vec4 0, 0, 1;
    %ix/load 4, 2, 0;
    %flag_set/imm 4, 0;
    %store/vec4a v0x5c5e493d7af0, 4, 0;
    %pushi/vec4 0, 0, 1;
    %ix/load 4, 3, 0;
    %flag_set/imm 4, 0;
    %store/vec4a v0x5c5e493d7af0, 4, 0;
    %pushi/vec4 1, 0, 1;
    %ix/load 4, 4, 0;
    %flag_set/imm 4, 0;
    %store/vec4a v0x5c5e493d7af0, 4, 0;
    %pushi/vec4 0, 0, 1;
    %ix/load 4, 5, 0;
    %flag_set/imm 4, 0;
    %store/vec4a v0x5c5e493d7af0, 4, 0;
    %pushi/vec4 0, 0, 1;
    %ix/load 4, 6, 0;
    %flag_set/imm 4, 0;
    %store/vec4a v0x5c5e493d7af0, 4, 0;
    %pushi/vec4 0, 0, 1;
    %ix/load 4, 7, 0;
    %flag_set/imm 4, 0;
    %store/vec4a v0x5c5e493d7af0, 4, 0;
    %pushi/vec4 1, 0, 1;
    %ix/load 4, 8, 0;
    %flag_set/imm 4, 0;
    %store/vec4a v0x5c5e493d7af0, 4, 0;
    %pushi/vec4 0, 0, 1;
    %ix/load 4, 9, 0;
    %flag_set/imm 4, 0;
    %store/vec4a v0x5c5e493d7af0, 4, 0;
    %pushi/vec4 0, 0, 1;
    %ix/load 4, 10, 0;
    %flag_set/imm 4, 0;
    %store/vec4a v0x5c5e493d7af0, 4, 0;
    %pushi/vec4 0, 0, 1;
    %ix/load 4, 11, 0;
    %flag_set/imm 4, 0;
    %store/vec4a v0x5c5e493d7af0, 4, 0;
    %pushi/vec4 0, 0, 1;
    %ix/load 4, 12, 0;
    %flag_set/imm 4, 0;
    %store/vec4a v0x5c5e493d7af0, 4, 0;
    %pushi/vec4 0, 0, 1;
    %ix/load 4, 13, 0;
    %flag_set/imm 4, 0;
    %store/vec4a v0x5c5e493d7af0, 4, 0;
    %pushi/vec4 0, 0, 1;
    %ix/load 4, 14, 0;
    %flag_set/imm 4, 0;
    %store/vec4a v0x5c5e493d7af0, 4, 0;
    %pushi/vec4 0, 0, 1;
    %ix/load 4, 15, 0;
    %flag_set/imm 4, 0;
    %store/vec4a v0x5c5e493d7af0, 4, 0;
    %pushi/vec4 0, 0, 1;
    %ix/load 4, 16, 0;
    %flag_set/imm 4, 0;
    %store/vec4a v0x5c5e493d7af0, 4, 0;
    %pushi/vec4 1, 0, 1;
    %ix/load 4, 17, 0;
    %flag_set/imm 4, 0;
    %store/vec4a v0x5c5e493d7af0, 4, 0;
    %pushi/vec4 0, 0, 1;
    %ix/load 4, 18, 0;
    %flag_set/imm 4, 0;
    %store/vec4a v0x5c5e493d7af0, 4, 0;
    %pushi/vec4 0, 0, 1;
    %ix/load 4, 19, 0;
    %flag_set/imm 4, 0;
    %store/vec4a v0x5c5e493d7af0, 4, 0;
    %pushi/vec4 1, 0, 1;
    %ix/load 4, 20, 0;
    %flag_set/imm 4, 0;
    %store/vec4a v0x5c5e493d7af0, 4, 0;
    %pushi/vec4 0, 0, 1;
    %ix/load 4, 13, 0;
    %flag_set/imm 4, 0;
    %store/vec4a v0x5c5e493d7af0, 4, 0;
    %pushi/vec4 0, 0, 1;
    %ix/load 4, 14, 0;
    %flag_set/imm 4, 0;
    %store/vec4a v0x5c5e493d7af0, 4, 0;
    %pushi/vec4 0, 0, 1;
    %ix/load 4, 15, 0;
    %flag_set/imm 4, 0;
    %store/vec4a v0x5c5e493d7af0, 4, 0;
    %pushi/vec4 1, 0, 1;
    %ix/load 4, 16, 0;
    %flag_set/imm 4, 0;
    %store/vec4a v0x5c5e493d7af0, 4, 0;
    %pushi/vec4 0, 0, 1;
    %ix/load 4, 17, 0;
    %flag_set/imm 4, 0;
    %store/vec4a v0x5c5e493d7af0, 4, 0;
    %pushi/vec4 0, 0, 1;
    %ix/load 4, 18, 0;
    %flag_set/imm 4, 0;
    %store/vec4a v0x5c5e493d7af0, 4, 0;
    %pushi/vec4 0, 0, 1;
    %ix/load 4, 19, 0;
    %flag_set/imm 4, 0;
    %store/vec4a v0x5c5e493d7af0, 4, 0;
    %pushi/vec4 1, 0, 1;
    %ix/load 4, 20, 0;
    %flag_set/imm 4, 0;
    %store/vec4a v0x5c5e493d7af0, 4, 0;
    %pushi/vec4 0, 0, 1;
    %ix/load 4, 21, 0;
    %flag_set/imm 4, 0;
    %store/vec4a v0x5c5e493d7af0, 4, 0;
    %pushi/vec4 0, 0, 1;
    %ix/load 4, 22, 0;
    %flag_set/imm 4, 0;
    %store/vec4a v0x5c5e493d7af0, 4, 0;
    %pushi/vec4 0, 0, 1;
    %ix/load 4, 23, 0;
    %flag_set/imm 4, 0;
    %store/vec4a v0x5c5e493d7af0, 4, 0;
    %pushi/vec4 1, 0, 1;
    %ix/load 4, 24, 0;
    %flag_set/imm 4, 0;
    %store/vec4a v0x5c5e493d7af0, 4, 0;
    %pushi/vec4 0, 0, 1;
    %ix/load 4, 25, 0;
    %flag_set/imm 4, 0;
    %store/vec4a v0x5c5e493d7af0, 4, 0;
    %pushi/vec4 0, 0, 1;
    %ix/load 4, 26, 0;
    %flag_set/imm 4, 0;
    %store/vec4a v0x5c5e493d7af0, 4, 0;
    %pushi/vec4 0, 0, 1;
    %ix/load 4, 27, 0;
    %flag_set/imm 4, 0;
    %store/vec4a v0x5c5e493d7af0, 4, 0;
    %pushi/vec4 1, 0, 1;
    %ix/load 4, 28, 0;
    %flag_set/imm 4, 0;
    %store/vec4a v0x5c5e493d7af0, 4, 0;
    %pushi/vec4 0, 0, 1;
    %ix/load 4, 29, 0;
    %flag_set/imm 4, 0;
    %store/vec4a v0x5c5e493d7af0, 4, 0;
    %pushi/vec4 1, 0, 1;
    %ix/load 4, 30, 0;
    %flag_set/imm 4, 0;
    %store/vec4a v0x5c5e493d7af0, 4, 0;
    %pushi/vec4 0, 0, 1;
    %ix/load 4, 31, 0;
    %flag_set/imm 4, 0;
    %store/vec4a v0x5c5e493d7af0, 4, 0;
    %pushi/vec4 0, 0, 1;
    %ix/load 4, 32, 0;
    %flag_set/imm 4, 0;
    %store/vec4a v0x5c5e493d7af0, 4, 0;
    %pushi/vec4 0, 0, 1;
    %ix/load 4, 33, 0;
    %flag_set/imm 4, 0;
    %store/vec4a v0x5c5e493d7af0, 4, 0;
    %pushi/vec4 1, 0, 1;
    %ix/load 4, 34, 0;
    %flag_set/imm 4, 0;
    %store/vec4a v0x5c5e493d7af0, 4, 0;
    %pushi/vec4 1, 0, 1;
    %ix/load 4, 35, 0;
    %flag_set/imm 4, 0;
    %store/vec4a v0x5c5e493d7af0, 4, 0;
    %pushi/vec4 1, 0, 1;
    %ix/load 4, 36, 0;
    %flag_set/imm 4, 0;
    %store/vec4a v0x5c5e493d7af0, 4, 0;
    %pushi/vec4 1, 0, 1;
    %ix/load 4, 37, 0;
    %flag_set/imm 4, 0;
    %store/vec4a v0x5c5e493d7af0, 4, 0;
    %pushi/vec4 1, 0, 1;
    %ix/load 4, 38, 0;
    %flag_set/imm 4, 0;
    %store/vec4a v0x5c5e493d7af0, 4, 0;
    %pushi/vec4 1, 0, 1;
    %ix/load 4, 39, 0;
    %flag_set/imm 4, 0;
    %store/vec4a v0x5c5e493d7af0, 4, 0;
    %pushi/vec4 0, 0, 1;
    %ix/load 4, 40, 0;
    %flag_set/imm 4, 0;
    %store/vec4a v0x5c5e493d7af0, 4, 0;
    %pushi/vec4 1, 0, 1;
    %ix/load 4, 41, 0;
    %flag_set/imm 4, 0;
    %store/vec4a v0x5c5e493d7af0, 4, 0;
    %pushi/vec4 0, 0, 1;
    %ix/load 4, 42, 0;
    %flag_set/imm 4, 0;
    %store/vec4a v0x5c5e493d7af0, 4, 0;
    %pushi/vec4 1, 0, 1;
    %ix/load 4, 43, 0;
    %flag_set/imm 4, 0;
    %store/vec4a v0x5c5e493d7af0, 4, 0;
    %pushi/vec4 0, 0, 1;
    %ix/load 4, 44, 0;
    %flag_set/imm 4, 0;
    %store/vec4a v0x5c5e493d7af0, 4, 0;
    %pushi/vec4 1, 0, 1;
    %ix/load 4, 45, 0;
    %flag_set/imm 4, 0;
    %store/vec4a v0x5c5e493d7af0, 4, 0;
    %pushi/vec4 0, 0, 1;
    %ix/load 4, 46, 0;
    %flag_set/imm 4, 0;
    %store/vec4a v0x5c5e493d7af0, 4, 0;
    %pushi/vec4 0, 0, 1;
    %ix/load 4, 47, 0;
    %flag_set/imm 4, 0;
    %store/vec4a v0x5c5e493d7af0, 4, 0;
    %pushi/vec4 0, 0, 1;
    %ix/load 4, 48, 0;
    %flag_set/imm 4, 0;
    %store/vec4a v0x5c5e493d7af0, 4, 0;
    %pushi/vec4 0, 0, 1;
    %ix/load 4, 49, 0;
    %flag_set/imm 4, 0;
    %store/vec4a v0x5c5e493d7af0, 4, 0;
    %pushi/vec4 0, 0, 1;
    %ix/load 4, 50, 0;
    %flag_set/imm 4, 0;
    %store/vec4a v0x5c5e493d7af0, 4, 0;
    %pushi/vec4 0, 0, 1;
    %ix/load 4, 51, 0;
    %flag_set/imm 4, 0;
    %store/vec4a v0x5c5e493d7af0, 4, 0;
    %pushi/vec4 0, 0, 1;
    %ix/load 4, 52, 0;
    %flag_set/imm 4, 0;
    %store/vec4a v0x5c5e493d7af0, 4, 0;
    %end;
    .thread T_1;
    .scope S_0x5c5e493d73f0;
T_2 ;
    %wait E_0x5c5e4939b2e0;
    %load/vec4 v0x5c5e493d7930_0;
    %flag_set/vec4 8;
    %jmp/0xz  T_2.0, 8;
    %pushi/vec4 0, 0, 8;
    %assign/vec4 v0x5c5e493d7840_0, 0;
    %pushi/vec4 0, 0, 1;
    %assign/vec4 v0x5c5e493d7a00_0, 0;
    %jmp T_2.1;
T_2.0 ;
    %load/vec4 v0x5c5e493d7840_0;
    %addi 1, 0, 8;
    %assign/vec4 v0x5c5e493d7840_0, 0;
    %ix/getv 4, v0x5c5e493d7840_0;
    %load/vec4a v0x5c5e493d7af0, 4;
    %assign/vec4 v0x5c5e493d7a00_0, 0;
T_2.1 ;
    %jmp T_2;
    .thread T_2;
    .scope S_0x5c5e4939c710;
T_3 ;
    %wait E_0x5c5e49362e30;
    %load/vec4 v0x5c5e493d8390_0;
    %flag_set/vec4 8;
    %jmp/0xz  T_3.0, 8;
    %pushi/vec4 0, 0, 3;
    %assign/vec4 v0x5c5e493d8590_0, 0;
    %pushi/vec4 0, 0, 3;
    %assign/vec4 v0x5c5e493d84d0_0, 0;
    %jmp T_3.1;
T_3.0 ;
    %load/vec4 v0x5c5e493d8130_0;
    %flag_set/vec4 8;
    %jmp/0xz  T_3.2, 8;
    %pushi/vec4 0, 0, 3;
    %assign/vec4 v0x5c5e493d84d0_0, 0;
    %pushi/vec4 0, 0, 3;
    %assign/vec4 v0x5c5e493d8590_0, 0;
    %jmp T_3.3;
T_3.2 ;
    %load/vec4 v0x5c5e493d82b0_0;
    %store/vec4 v0x5c5e493d8590_0, 0, 3;
    %load/vec4 v0x5c5e493d81d0_0;
    %store/vec4 v0x5c5e493d84d0_0, 0, 3;
T_3.3 ;
T_3.1 ;
    %jmp T_3;
    .thread T_3;
    .scope S_0x5c5e4939c710;
T_4 ;
    %wait E_0x5c5e49362950;
    %load/vec4 v0x5c5e493d8590_0;
    %dup/vec4;
    %pushi/vec4 0, 0, 3;
    %cmp/u;
    %jmp/1 T_4.0, 6;
    %dup/vec4;
    %pushi/vec4 1, 0, 3;
    %cmp/u;
    %jmp/1 T_4.1, 6;
    %dup/vec4;
    %pushi/vec4 2, 0, 3;
    %cmp/u;
    %jmp/1 T_4.2, 6;
    %dup/vec4;
    %pushi/vec4 3, 0, 3;
    %cmp/u;
    %jmp/1 T_4.3, 6;
    %dup/vec4;
    %pushi/vec4 4, 0, 3;
    %cmp/u;
    %jmp/1 T_4.4, 6;
    %pushi/vec4 0, 0, 3;
    %store/vec4 v0x5c5e493d82b0_0, 0, 3;
    %jmp T_4.6;
T_4.0 ;
    %load/vec4 v0x5c5e493d8430_0;
    %flag_set/vec4 8;
    %jmp/0 T_4.7, 8;
    %pushi/vec4 1, 0, 3;
    %jmp/1 T_4.8, 8;
T_4.7 ; End of true expr.
    %pushi/vec4 0, 0, 3;
    %jmp/0 T_4.8, 8;
 ; End of false expr.
    %blend;
T_4.8;
    %store/vec4 v0x5c5e493d82b0_0, 0, 3;
    %jmp T_4.6;
T_4.1 ;
    %load/vec4 v0x5c5e493d8430_0;
    %inv;
    %flag_set/vec4 8;
    %jmp/0 T_4.9, 8;
    %pushi/vec4 2, 0, 3;
    %jmp/1 T_4.10, 8;
T_4.9 ; End of true expr.
    %pushi/vec4 1, 0, 3;
    %jmp/0 T_4.10, 8;
 ; End of false expr.
    %blend;
T_4.10;
    %store/vec4 v0x5c5e493d82b0_0, 0, 3;
    %jmp T_4.6;
T_4.2 ;
    %load/vec4 v0x5c5e493d8430_0;
    %inv;
    %flag_set/vec4 8;
    %jmp/0 T_4.11, 8;
    %pushi/vec4 3, 0, 3;
    %jmp/1 T_4.12, 8;
T_4.11 ; End of true expr.
    %pushi/vec4 1, 0, 3;
    %jmp/0 T_4.12, 8;
 ; End of false expr.
    %blend;
T_4.12;
    %store/vec4 v0x5c5e493d82b0_0, 0, 3;
    %jmp T_4.6;
T_4.3 ;
    %load/vec4 v0x5c5e493d8430_0;
    %inv;
    %flag_set/vec4 8;
    %jmp/0 T_4.13, 8;
    %pushi/vec4 4, 0, 3;
    %jmp/1 T_4.14, 8;
T_4.13 ; End of true expr.
    %pushi/vec4 1, 0, 3;
    %jmp/0 T_4.14, 8;
 ; End of false expr.
    %blend;
T_4.14;
    %store/vec4 v0x5c5e493d82b0_0, 0, 3;
    %jmp T_4.6;
T_4.4 ;
    %pushi/vec4 0, 0, 3;
    %store/vec4 v0x5c5e493d82b0_0, 0, 3;
    %pushi/vec4 0, 0, 3;
    %store/vec4 v0x5c5e493d81d0_0, 0, 3;
    %jmp T_4.6;
T_4.6 ;
    %pop/vec4 1;
    %load/vec4 v0x5c5e493d84d0_0;
    %dup/vec4;
    %pushi/vec4 0, 0, 3;
    %cmp/u;
    %jmp/1 T_4.15, 6;
    %dup/vec4;
    %pushi/vec4 1, 0, 3;
    %cmp/u;
    %jmp/1 T_4.16, 6;
    %dup/vec4;
    %pushi/vec4 2, 0, 3;
    %cmp/u;
    %jmp/1 T_4.17, 6;
    %dup/vec4;
    %pushi/vec4 3, 0, 3;
    %cmp/u;
    %jmp/1 T_4.18, 6;
    %dup/vec4;
    %pushi/vec4 4, 0, 3;
    %cmp/u;
    %jmp/1 T_4.19, 6;
    %pushi/vec4 0, 0, 3;
    %store/vec4 v0x5c5e493d81d0_0, 0, 3;
    %jmp T_4.21;
T_4.15 ;
    %load/vec4 v0x5c5e493d8430_0;
    %inv;
    %flag_set/vec4 8;
    %jmp/0 T_4.22, 8;
    %pushi/vec4 1, 0, 3;
    %jmp/1 T_4.23, 8;
T_4.22 ; End of true expr.
    %pushi/vec4 0, 0, 3;
    %jmp/0 T_4.23, 8;
 ; End of false expr.
    %blend;
T_4.23;
    %store/vec4 v0x5c5e493d81d0_0, 0, 3;
    %jmp T_4.21;
T_4.16 ;
    %load/vec4 v0x5c5e493d8430_0;
    %inv;
    %flag_set/vec4 8;
    %jmp/0 T_4.24, 8;
    %pushi/vec4 2, 0, 3;
    %jmp/1 T_4.25, 8;
T_4.24 ; End of true expr.
    %pushi/vec4 0, 0, 3;
    %jmp/0 T_4.25, 8;
 ; End of false expr.
    %blend;
T_4.25;
    %store/vec4 v0x5c5e493d81d0_0, 0, 3;
    %jmp T_4.21;
T_4.17 ;
    %load/vec4 v0x5c5e493d8430_0;
    %inv;
    %flag_set/vec4 8;
    %jmp/0 T_4.26, 8;
    %pushi/vec4 3, 0, 3;
    %jmp/1 T_4.27, 8;
T_4.26 ; End of true expr.
    %pushi/vec4 0, 0, 3;
    %jmp/0 T_4.27, 8;
 ; End of false expr.
    %blend;
T_4.27;
    %store/vec4 v0x5c5e493d81d0_0, 0, 3;
    %jmp T_4.21;
T_4.18 ;
    %load/vec4 v0x5c5e493d8430_0;
    %flag_set/vec4 8;
    %jmp/0 T_4.28, 8;
    %pushi/vec4 4, 0, 3;
    %jmp/1 T_4.29, 8;
T_4.28 ; End of true expr.
    %pushi/vec4 1, 0, 3;
    %jmp/0 T_4.29, 8;
 ; End of false expr.
    %blend;
T_4.29;
    %store/vec4 v0x5c5e493d81d0_0, 0, 3;
    %jmp T_4.21;
T_4.19 ;
    %pushi/vec4 0, 0, 3;
    %store/vec4 v0x5c5e493d81d0_0, 0, 3;
    %pushi/vec4 0, 0, 3;
    %store/vec4 v0x5c5e493d82b0_0, 0, 3;
    %jmp T_4.21;
T_4.21 ;
    %pop/vec4 1;
    %jmp T_4;
    .thread T_4, $push;
    .scope S_0x5c5e4939c580;
T_5 ;
    %pushi/vec4 0, 0, 1;
    %store/vec4 v0x5c5e493d86f0_0, 0, 1;
T_5.0 ;
    %delay 5000, 0;
    %load/vec4 v0x5c5e493d86f0_0;
    %inv;
    %store/vec4 v0x5c5e493d86f0_0, 0, 1;
    %jmp T_5.0;
    %end;
    .thread T_5;
    .scope S_0x5c5e4939c580;
T_6 ;
    %vpi_call 2 23 "$dumpfile", "seq_detect_tb.vcd" {0 0 0};
    %vpi_call 2 24 "$dumpvars", 32'sb00000000000000000000000000000000, S_0x5c5e4939c580 {0 0 0};
    %end;
    .thread T_6;
    .scope S_0x5c5e4939c580;
T_7 ;
    %vpi_call 2 29 "$monitor", "time %t: seq_in = %b, detected = %b, clk = %b", $time, v0x5c5e493d8940_0, v0x5c5e493d87b0_0, v0x5c5e493d86f0_0 {0 0 0};
    %pushi/vec4 1, 0, 1;
    %store/vec4 v0x5c5e493d8870_0, 0, 1;
    %delay 25000, 0;
    %pushi/vec4 0, 0, 1;
    %store/vec4 v0x5c5e493d8870_0, 0, 1;
    %delay 10000, 0;
    %delay 700000, 0;
    %vpi_call 2 36 "$finish" {0 0 0};
    %end;
    .thread T_7;
# The file index is used to find the file name in the following table.
:file_names 6;
    "N/A";
    "<interactive>";
    "seq_detect_tb.v";
    "./seq_detector.v";
    "./clk_divider.v";
    "./seq_generator.v";
