#! /usr/bin/vvp
:ivl_version "12.0 (stable)";
:ivl_delay_selection "TYPICAL";
:vpi_time_precision - 12;
:vpi_module "/usr/lib/x86_64-linux-gnu/ivl/system.vpi";
:vpi_module "/usr/lib/x86_64-linux-gnu/ivl/vhdl_sys.vpi";
:vpi_module "/usr/lib/x86_64-linux-gnu/ivl/vhdl_textio.vpi";
:vpi_module "/usr/lib/x86_64-linux-gnu/ivl/v2005_math.vpi";
:vpi_module "/usr/lib/x86_64-linux-gnu/ivl/va_math.vpi";
S_0x5c31a2a3d590 .scope module, "dkgGate" "dkgGate" 2 54;
 .timescale -9 -12;
    .port_info 0 /INPUT 1 "a";
    .port_info 1 /INPUT 1 "b";
    .port_info 2 /INPUT 1 "c";
    .port_info 3 /INPUT 1 "d";
    .port_info 4 /OUTPUT 1 "p";
    .port_info 5 /OUTPUT 1 "q";
    .port_info 6 /OUTPUT 1 "r";
    .port_info 7 /OUTPUT 1 "s";
o0x736c0ead11c8 .functor BUFZ 1, C4<z>; HiZ drive
L_0x5c31a2a5f3d0 .functor BUFZ 1, o0x736c0ead11c8, C4<0>, C4<0>, C4<0>;
L_0x5c31a2a5f460 .functor NOT 1, o0x736c0ead11c8, C4<0>, C4<0>, C4<0>;
o0x736c0ead1228 .functor BUFZ 1, C4<z>; HiZ drive
L_0x5c31a2a5f520 .functor AND 1, L_0x5c31a2a5f460, o0x736c0ead1228, C4<1>, C4<1>;
o0x736c0ead1258 .functor BUFZ 1, C4<z>; HiZ drive
L_0x5c31a2a5f5e0 .functor NOT 1, o0x736c0ead1258, C4<0>, C4<0>, C4<0>;
L_0x5c31a2a5f650 .functor AND 1, o0x736c0ead11c8, L_0x5c31a2a5f5e0, C4<1>, C4<1>;
L_0x5c31a2a5f710 .functor XOR 1, L_0x5c31a2a5f520, L_0x5c31a2a5f650, C4<0>, C4<0>;
o0x736c0ead11f8 .functor BUFZ 1, C4<z>; HiZ drive
L_0x5c31a2a5f860 .functor XOR 1, o0x736c0ead11c8, o0x736c0ead11f8, C4<0>, C4<0>;
L_0x5c31a2a5f8d0 .functor XOR 1, o0x736c0ead1228, o0x736c0ead1258, C4<0>, C4<0>;
L_0x5c31a2a5f9e0 .functor AND 1, L_0x5c31a2a5f860, L_0x5c31a2a5f8d0, C4<1>, C4<1>;
L_0x5c31a2a5faf0 .functor AND 1, o0x736c0ead1228, o0x736c0ead1258, C4<1>, C4<1>;
L_0x5c31a2a5fbc0 .functor XOR 1, L_0x5c31a2a5f9e0, L_0x5c31a2a5faf0, C4<0>, C4<0>;
L_0x5c31a2a5fc80 .functor XOR 1, o0x736c0ead11f8, o0x736c0ead1228, C4<0>, C4<0>;
L_0x5c31a2a5fe40 .functor XOR 1, L_0x5c31a2a5fc80, o0x736c0ead1258, C4<0>, C4<0>;
v0x5c31a2a30820_0 .net *"_ivl_12", 0 0, L_0x5c31a2a5f860;  1 drivers
v0x5c31a2a55110_0 .net *"_ivl_14", 0 0, L_0x5c31a2a5f8d0;  1 drivers
v0x5c31a2a551f0_0 .net *"_ivl_16", 0 0, L_0x5c31a2a5f9e0;  1 drivers
v0x5c31a2a552b0_0 .net *"_ivl_18", 0 0, L_0x5c31a2a5faf0;  1 drivers
v0x5c31a2a55390_0 .net *"_ivl_2", 0 0, L_0x5c31a2a5f460;  1 drivers
v0x5c31a2a554c0_0 .net *"_ivl_22", 0 0, L_0x5c31a2a5fc80;  1 drivers
v0x5c31a2a555a0_0 .net *"_ivl_4", 0 0, L_0x5c31a2a5f520;  1 drivers
v0x5c31a2a55680_0 .net *"_ivl_6", 0 0, L_0x5c31a2a5f5e0;  1 drivers
v0x5c31a2a55760_0 .net *"_ivl_8", 0 0, L_0x5c31a2a5f650;  1 drivers
v0x5c31a2a558d0_0 .net "a", 0 0, o0x736c0ead11c8;  0 drivers
v0x5c31a2a55990_0 .net "b", 0 0, o0x736c0ead11f8;  0 drivers
v0x5c31a2a55a50_0 .net "c", 0 0, o0x736c0ead1228;  0 drivers
v0x5c31a2a55b10_0 .net "d", 0 0, o0x736c0ead1258;  0 drivers
v0x5c31a2a55bd0_0 .net "p", 0 0, L_0x5c31a2a5f3d0;  1 drivers
v0x5c31a2a55c90_0 .net "q", 0 0, L_0x5c31a2a5f710;  1 drivers
v0x5c31a2a55d50_0 .net "r", 0 0, L_0x5c31a2a5fbc0;  1 drivers
v0x5c31a2a55e10_0 .net "s", 0 0, L_0x5c31a2a5fe40;  1 drivers
S_0x5c31a2a27b90 .scope module, "dpgGate" "dpgGate" 2 45;
 .timescale -9 -12;
    .port_info 0 /INPUT 1 "a";
    .port_info 1 /INPUT 1 "b";
    .port_info 2 /INPUT 1 "c";
    .port_info 3 /INPUT 1 "d";
    .port_info 4 /OUTPUT 1 "p";
    .port_info 5 /OUTPUT 1 "q";
    .port_info 6 /OUTPUT 1 "r";
    .port_info 7 /OUTPUT 1 "s";
o0x736c0ead15b8 .functor BUFZ 1, C4<z>; HiZ drive
L_0x5c31a2a5ff40 .functor BUFZ 1, o0x736c0ead15b8, C4<0>, C4<0>, C4<0>;
o0x736c0ead15e8 .functor BUFZ 1, C4<z>; HiZ drive
L_0x5c31a2a5ffb0 .functor XOR 1, o0x736c0ead15b8, o0x736c0ead15e8, C4<0>, C4<0>;
L_0x5c31a2a60020 .functor XOR 1, o0x736c0ead15b8, o0x736c0ead15e8, C4<0>, C4<0>;
o0x736c0ead1618 .functor BUFZ 1, C4<z>; HiZ drive
L_0x5c31a2a600e0 .functor XOR 1, L_0x5c31a2a60020, o0x736c0ead1618, C4<0>, C4<0>;
L_0x5c31a2a601a0 .functor XOR 1, o0x736c0ead15b8, o0x736c0ead15e8, C4<0>, C4<0>;
L_0x5c31a2a602a0 .functor AND 1, L_0x5c31a2a601a0, o0x736c0ead1618, C4<1>, C4<1>;
L_0x5c31a2a603a0 .functor AND 1, o0x736c0ead15b8, o0x736c0ead15e8, C4<1>, C4<1>;
o0x736c0ead1648 .functor BUFZ 1, C4<z>; HiZ drive
L_0x5c31a2a604a0 .functor XOR 1, L_0x5c31a2a603a0, o0x736c0ead1648, C4<0>, C4<0>;
L_0x5c31a2a60560 .functor XOR 1, L_0x5c31a2a602a0, L_0x5c31a2a604a0, C4<0>, C4<0>;
v0x5c31a2a55fd0_0 .net *"_ivl_10", 0 0, L_0x5c31a2a602a0;  1 drivers
v0x5c31a2a560d0_0 .net *"_ivl_12", 0 0, L_0x5c31a2a603a0;  1 drivers
v0x5c31a2a561b0_0 .net *"_ivl_14", 0 0, L_0x5c31a2a604a0;  1 drivers
v0x5c31a2a56270_0 .net *"_ivl_4", 0 0, L_0x5c31a2a60020;  1 drivers
v0x5c31a2a56350_0 .net *"_ivl_8", 0 0, L_0x5c31a2a601a0;  1 drivers
v0x5c31a2a56430_0 .net "a", 0 0, o0x736c0ead15b8;  0 drivers
v0x5c31a2a564f0_0 .net "b", 0 0, o0x736c0ead15e8;  0 drivers
v0x5c31a2a565b0_0 .net "c", 0 0, o0x736c0ead1618;  0 drivers
v0x5c31a2a56670_0 .net "d", 0 0, o0x736c0ead1648;  0 drivers
v0x5c31a2a56730_0 .net "p", 0 0, L_0x5c31a2a5ff40;  1 drivers
v0x5c31a2a567f0_0 .net "q", 0 0, L_0x5c31a2a5ffb0;  1 drivers
v0x5c31a2a568b0_0 .net "r", 0 0, L_0x5c31a2a600e0;  1 drivers
v0x5c31a2a56970_0 .net "s", 0 0, L_0x5c31a2a60560;  1 drivers
S_0x5c31a2a2ca80 .scope module, "fredGate" "fredGate" 2 29;
 .timescale -9 -12;
    .port_info 0 /INPUT 1 "a";
    .port_info 1 /INPUT 1 "b";
    .port_info 2 /INPUT 1 "c";
    .port_info 3 /OUTPUT 1 "p";
    .port_info 4 /OUTPUT 1 "q";
    .port_info 5 /OUTPUT 1 "r";
o0x736c0ead19d8 .functor BUFZ 1, C4<z>; HiZ drive
L_0x5c31a2a60670 .functor BUFZ 1, o0x736c0ead19d8, C4<0>, C4<0>, C4<0>;
L_0x5c31a2a606e0 .functor NOT 1, o0x736c0ead19d8, C4<0>, C4<0>, C4<0>;
o0x736c0ead1a08 .functor BUFZ 1, C4<z>; HiZ drive
L_0x5c31a2a607a0 .functor AND 1, L_0x5c31a2a606e0, o0x736c0ead1a08, C4<1>, C4<1>;
o0x736c0ead1a38 .functor BUFZ 1, C4<z>; HiZ drive
L_0x5c31a2a60860 .functor AND 1, o0x736c0ead19d8, o0x736c0ead1a38, C4<1>, C4<1>;
L_0x5c31a2a60930 .functor XOR 1, L_0x5c31a2a607a0, L_0x5c31a2a60860, C4<0>, C4<0>;
L_0x5c31a2a60a70 .functor NOT 1, o0x736c0ead19d8, C4<0>, C4<0>, C4<0>;
L_0x5c31a2a60bb0 .functor AND 1, L_0x5c31a2a60a70, o0x736c0ead1a38, C4<1>, C4<1>;
L_0x5c31a2a60c70 .functor AND 1, o0x736c0ead19d8, o0x736c0ead1a08, C4<1>, C4<1>;
L_0x5c31a2a60d80 .functor XOR 1, L_0x5c31a2a60bb0, L_0x5c31a2a60c70, C4<0>, C4<0>;
v0x5c31a2a56b30_0 .net *"_ivl_10", 0 0, L_0x5c31a2a60a70;  1 drivers
v0x5c31a2a56c30_0 .net *"_ivl_12", 0 0, L_0x5c31a2a60bb0;  1 drivers
v0x5c31a2a56d10_0 .net *"_ivl_14", 0 0, L_0x5c31a2a60c70;  1 drivers
v0x5c31a2a56dd0_0 .net *"_ivl_2", 0 0, L_0x5c31a2a606e0;  1 drivers
v0x5c31a2a56eb0_0 .net *"_ivl_4", 0 0, L_0x5c31a2a607a0;  1 drivers
v0x5c31a2a56f90_0 .net *"_ivl_6", 0 0, L_0x5c31a2a60860;  1 drivers
v0x5c31a2a57070_0 .net "a", 0 0, o0x736c0ead19d8;  0 drivers
v0x5c31a2a57130_0 .net "b", 0 0, o0x736c0ead1a08;  0 drivers
v0x5c31a2a571f0_0 .net "c", 0 0, o0x736c0ead1a38;  0 drivers
v0x5c31a2a57340_0 .net "p", 0 0, L_0x5c31a2a60670;  1 drivers
v0x5c31a2a57400_0 .net "q", 0 0, L_0x5c31a2a60930;  1 drivers
v0x5c31a2a574c0_0 .net "r", 0 0, L_0x5c31a2a60d80;  1 drivers
S_0x5c31a2a29fd0 .scope module, "full_adder_tb" "full_adder_tb" 3 4;
 .timescale -9 -12;
v0x5c31a2a5dc20_0 .var "a_as", 0 0;
v0x5c31a2a5dcc0_0 .var "a_h", 0 0;
v0x5c31a2a5ddb0_0 .var "a_p", 0 0;
v0x5c31a2a5dea0_0 .var "b_as", 0 0;
v0x5c31a2a5df90_0 .var "b_h", 0 0;
v0x5c31a2a5e0d0_0 .var "b_p", 0 0;
v0x5c31a2a5e1c0_0 .var "cin_as", 0 0;
v0x5c31a2a5e2b0_0 .var "cin_h", 0 0;
v0x5c31a2a5e3a0_0 .var "cin_p", 0 0;
v0x5c31a2a5e4d0_0 .net "cout_brw", 0 0, L_0x5c31a2a628a0;  1 drivers
v0x5c31a2a5e570_0 .net "cout_h", 0 0, L_0x5c31a2a61bf0;  1 drivers
v0x5c31a2a5e660_0 .net "cout_p", 0 0, L_0x5c31a2a614b0;  1 drivers
v0x5c31a2a5e750_0 .var "expected_add", 1 0;
v0x5c31a2a5e7f0_0 .var "expected_borrow", 0 0;
v0x5c31a2a5e890_0 .var "expected_diff", 0 0;
v0x5c31a2a5e930_0 .var/i "expected_sub", 31 0;
v0x5c31a2a5ea10_0 .var "mode", 0 0;
v0x5c31a2a5eb00_0 .net "result", 0 0, L_0x5c31a2a627f0;  1 drivers
v0x5c31a2a5eba0_0 .net "sum_h", 0 0, L_0x5c31a2a61850;  1 drivers
v0x5c31a2a5ec90_0 .net "sum_p", 0 0, L_0x5c31a2a61340;  1 drivers
S_0x5c31a2a57640 .scope begin, "$ivl_for_loop0" "$ivl_for_loop0" 3 54, 3 54 0, S_0x5c31a2a29fd0;
 .timescale -9 -12;
v0x5c31a2a577f0_0 .var/i "i", 31 0;
S_0x5c31a2a578f0 .scope begin, "$ivl_for_loop1" "$ivl_for_loop1" 3 81, 3 81 0, S_0x5c31a2a29fd0;
 .timescale -9 -12;
v0x5c31a2a57af0_0 .var/i "i", 31 0;
S_0x5c31a2a57bd0 .scope module, "uut_cum_subtractor" "full_adder_cum_subtractor" 3 31, 4 27 0, S_0x5c31a2a29fd0;
 .timescale -9 -12;
    .port_info 0 /INPUT 1 "a";
    .port_info 1 /INPUT 1 "b";
    .port_info 2 /INPUT 1 "cin";
    .port_info 3 /INPUT 1 "mode";
    .port_info 4 /OUTPUT 1 "result";
    .port_info 5 /OUTPUT 1 "cout_brw";
L_0x5c31a2a627f0 .functor BUFZ 1, L_0x5c31a2a626d0, C4<0>, C4<0>, C4<0>;
L_0x5c31a2a628a0 .functor BUFZ 1, L_0x5c31a2a624b0, C4<0>, C4<0>, C4<0>;
v0x5c31a2a59bc0_0 .net "a", 0 0, v0x5c31a2a5dc20_0;  1 drivers
v0x5c31a2a59c80_0 .net "b", 0 0, v0x5c31a2a5dea0_0;  1 drivers
v0x5c31a2a59d50_0 .net "cin", 0 0, v0x5c31a2a5e1c0_0;  1 drivers
v0x5c31a2a59e50_0 .net "cout_brw", 0 0, L_0x5c31a2a628a0;  alias, 1 drivers
v0x5c31a2a59ef0_0 .net "mode", 0 0, v0x5c31a2a5ea10_0;  1 drivers
v0x5c31a2a59fe0_0 .net "p1", 0 0, L_0x5c31a2a61d00;  1 drivers
v0x5c31a2a5a0d0_0 .net "p2", 0 0, L_0x5c31a2a61d70;  1 drivers
v0x5c31a2a5a1c0_0 .net "q1", 0 0, L_0x5c31a2a61e70;  1 drivers
v0x5c31a2a5a260_0 .net "q2", 0 0, L_0x5c31a2a61fb0;  1 drivers
v0x5c31a2a5a390_0 .net "q3", 0 0, L_0x5c31a2a62160;  1 drivers
v0x5c31a2a5a480_0 .net "r1", 0 0, L_0x5c31a2a621d0;  1 drivers
v0x5c31a2a5a520_0 .net "r2", 0 0, L_0x5c31a2a62290;  1 drivers
v0x5c31a2a5a610_0 .net "r3", 0 0, L_0x5c31a2a624b0;  1 drivers
v0x5c31a2a5a6b0_0 .net "result", 0 0, L_0x5c31a2a627f0;  alias, 1 drivers
v0x5c31a2a5a750_0 .net "s1", 0 0, L_0x5c31a2a625b0;  1 drivers
v0x5c31a2a5a7f0_0 .net "s2", 0 0, L_0x5c31a2a626d0;  1 drivers
S_0x5c31a2a57e50 .scope module, "gate1" "feyGate" 4 36, 2 22 0, S_0x5c31a2a57bd0;
 .timescale -9 -12;
    .port_info 0 /INPUT 1 "a";
    .port_info 1 /INPUT 1 "b";
    .port_info 2 /OUTPUT 1 "p";
    .port_info 3 /OUTPUT 1 "q";
L_0x5c31a2a61d00 .functor BUFZ 1, v0x5c31a2a5ea10_0, C4<0>, C4<0>, C4<0>;
L_0x5c31a2a61d70 .functor XOR 1, v0x5c31a2a5ea10_0, v0x5c31a2a5dc20_0, C4<0>, C4<0>;
v0x5c31a2a580a0_0 .net "a", 0 0, v0x5c31a2a5ea10_0;  alias, 1 drivers
v0x5c31a2a58180_0 .net "b", 0 0, v0x5c31a2a5dc20_0;  alias, 1 drivers
v0x5c31a2a58240_0 .net "p", 0 0, L_0x5c31a2a61d00;  alias, 1 drivers
v0x5c31a2a582e0_0 .net "q", 0 0, L_0x5c31a2a61d70;  alias, 1 drivers
S_0x5c31a2a58420 .scope module, "gate2" "peres" 4 37, 2 63 0, S_0x5c31a2a57bd0;
 .timescale -9 -12;
    .port_info 0 /INPUT 1 "a";
    .port_info 1 /INPUT 1 "b";
    .port_info 2 /INPUT 1 "c";
    .port_info 3 /OUTPUT 1 "p";
    .port_info 4 /OUTPUT 1 "q";
    .port_info 5 /OUTPUT 1 "r";
L_0x5c31a2a61e70 .functor BUFZ 1, L_0x5c31a2a61d70, C4<0>, C4<0>, C4<0>;
L_0x5c31a2a61fb0 .functor XOR 1, L_0x5c31a2a61d70, v0x5c31a2a5dea0_0, C4<0>, C4<0>;
L_0x5c31a2a62040 .functor AND 1, L_0x5c31a2a61d70, v0x5c31a2a5dea0_0, C4<1>, C4<1>;
L_0x736c0ea880a8 .functor BUFT 1, C4<0>, C4<0>, C4<0>, C4<0>;
L_0x5c31a2a62160 .functor XOR 1, L_0x5c31a2a62040, L_0x736c0ea880a8, C4<0>, C4<0>;
v0x5c31a2a586c0_0 .net *"_ivl_4", 0 0, L_0x5c31a2a62040;  1 drivers
v0x5c31a2a587a0_0 .net "a", 0 0, L_0x5c31a2a61d70;  alias, 1 drivers
v0x5c31a2a58860_0 .net "b", 0 0, v0x5c31a2a5dea0_0;  alias, 1 drivers
v0x5c31a2a58900_0 .net "c", 0 0, L_0x736c0ea880a8;  1 drivers
v0x5c31a2a589a0_0 .net "p", 0 0, L_0x5c31a2a61e70;  alias, 1 drivers
v0x5c31a2a58a90_0 .net "q", 0 0, L_0x5c31a2a61fb0;  alias, 1 drivers
v0x5c31a2a58b50_0 .net "r", 0 0, L_0x5c31a2a62160;  alias, 1 drivers
S_0x5c31a2a58cd0 .scope module, "gate3" "peres" 4 38, 2 63 0, S_0x5c31a2a57bd0;
 .timescale -9 -12;
    .port_info 0 /INPUT 1 "a";
    .port_info 1 /INPUT 1 "b";
    .port_info 2 /INPUT 1 "c";
    .port_info 3 /OUTPUT 1 "p";
    .port_info 4 /OUTPUT 1 "q";
    .port_info 5 /OUTPUT 1 "r";
L_0x5c31a2a621d0 .functor BUFZ 1, v0x5c31a2a5e1c0_0, C4<0>, C4<0>, C4<0>;
L_0x5c31a2a62290 .functor XOR 1, v0x5c31a2a5e1c0_0, L_0x5c31a2a61fb0, C4<0>, C4<0>;
L_0x5c31a2a62420 .functor AND 1, v0x5c31a2a5e1c0_0, L_0x5c31a2a61fb0, C4<1>, C4<1>;
L_0x5c31a2a624b0 .functor XOR 1, L_0x5c31a2a62420, L_0x5c31a2a62160, C4<0>, C4<0>;
v0x5c31a2a58f50_0 .net *"_ivl_4", 0 0, L_0x5c31a2a62420;  1 drivers
v0x5c31a2a59030_0 .net "a", 0 0, v0x5c31a2a5e1c0_0;  alias, 1 drivers
v0x5c31a2a590f0_0 .net "b", 0 0, L_0x5c31a2a61fb0;  alias, 1 drivers
v0x5c31a2a591f0_0 .net "c", 0 0, L_0x5c31a2a62160;  alias, 1 drivers
v0x5c31a2a592c0_0 .net "p", 0 0, L_0x5c31a2a621d0;  alias, 1 drivers
v0x5c31a2a593b0_0 .net "q", 0 0, L_0x5c31a2a62290;  alias, 1 drivers
v0x5c31a2a59450_0 .net "r", 0 0, L_0x5c31a2a624b0;  alias, 1 drivers
S_0x5c31a2a595b0 .scope module, "gate4" "feyGate" 4 39, 2 22 0, S_0x5c31a2a57bd0;
 .timescale -9 -12;
    .port_info 0 /INPUT 1 "a";
    .port_info 1 /INPUT 1 "b";
    .port_info 2 /OUTPUT 1 "p";
    .port_info 3 /OUTPUT 1 "q";
L_0x5c31a2a625b0 .functor BUFZ 1, L_0x5c31a2a61d00, C4<0>, C4<0>, C4<0>;
L_0x5c31a2a626d0 .functor XOR 1, L_0x5c31a2a61d00, L_0x5c31a2a62290, C4<0>, C4<0>;
v0x5c31a2a59800_0 .net "a", 0 0, L_0x5c31a2a61d00;  alias, 1 drivers
v0x5c31a2a598f0_0 .net "b", 0 0, L_0x5c31a2a62290;  alias, 1 drivers
v0x5c31a2a599c0_0 .net "p", 0 0, L_0x5c31a2a625b0;  alias, 1 drivers
v0x5c31a2a59a90_0 .net "q", 0 0, L_0x5c31a2a626d0;  alias, 1 drivers
S_0x5c31a2a5a890 .scope module, "uut_hng" "full_adder_hng" 3 23, 4 16 0, S_0x5c31a2a29fd0;
 .timescale -9 -12;
    .port_info 0 /INPUT 1 "a";
    .port_info 1 /INPUT 1 "b";
    .port_info 2 /INPUT 1 "cin";
    .port_info 3 /OUTPUT 1 "sum";
    .port_info 4 /OUTPUT 1 "cout";
v0x5c31a2a5b9f0_0 .net "a", 0 0, v0x5c31a2a5dcc0_0;  1 drivers
v0x5c31a2a5bab0_0 .net "b", 0 0, v0x5c31a2a5df90_0;  1 drivers
v0x5c31a2a5bb80_0 .net "cin", 0 0, v0x5c31a2a5e2b0_0;  1 drivers
v0x5c31a2a5bc80_0 .net "cout", 0 0, L_0x5c31a2a61bf0;  alias, 1 drivers
v0x5c31a2a5bd50_0 .net "g1", 0 0, L_0x5c31a2a615e0;  1 drivers
v0x5c31a2a5bdf0_0 .net "g2", 0 0, L_0x5c31a2a61650;  1 drivers
v0x5c31a2a5bec0_0 .net "sum", 0 0, L_0x5c31a2a61850;  alias, 1 drivers
S_0x5c31a2a5aaa0 .scope module, "gate1" "hng" 4 24, 2 71 0, S_0x5c31a2a5a890;
 .timescale -9 -12;
    .port_info 0 /INPUT 1 "a";
    .port_info 1 /INPUT 1 "b";
    .port_info 2 /INPUT 1 "c";
    .port_info 3 /INPUT 1 "d";
    .port_info 4 /OUTPUT 1 "p";
    .port_info 5 /OUTPUT 1 "q";
    .port_info 6 /OUTPUT 1 "r";
    .port_info 7 /OUTPUT 1 "s";
L_0x5c31a2a615e0 .functor BUFZ 1, v0x5c31a2a5dcc0_0, C4<0>, C4<0>, C4<0>;
L_0x5c31a2a61650 .functor BUFZ 1, v0x5c31a2a5df90_0, C4<0>, C4<0>, C4<0>;
L_0x5c31a2a616c0 .functor XOR 1, v0x5c31a2a5dcc0_0, v0x5c31a2a5df90_0, C4<0>, C4<0>;
L_0x5c31a2a61850 .functor XOR 1, L_0x5c31a2a616c0, v0x5c31a2a5e2b0_0, C4<0>, C4<0>;
L_0x5c31a2a618c0 .functor XOR 1, v0x5c31a2a5dcc0_0, v0x5c31a2a5df90_0, C4<0>, C4<0>;
L_0x5c31a2a61930 .functor AND 1, L_0x5c31a2a618c0, v0x5c31a2a5e2b0_0, C4<1>, C4<1>;
L_0x5c31a2a61a70 .functor AND 1, v0x5c31a2a5dcc0_0, v0x5c31a2a5df90_0, C4<1>, C4<1>;
L_0x5c31a2a61ae0 .functor XOR 1, L_0x5c31a2a61930, L_0x5c31a2a61a70, C4<0>, C4<0>;
L_0x736c0ea88060 .functor BUFT 1, C4<0>, C4<0>, C4<0>, C4<0>;
L_0x5c31a2a61bf0 .functor XOR 1, L_0x5c31a2a61ae0, L_0x736c0ea88060, C4<0>, C4<0>;
v0x5c31a2a5ada0_0 .net *"_ivl_10", 0 0, L_0x5c31a2a61930;  1 drivers
v0x5c31a2a5ae80_0 .net *"_ivl_12", 0 0, L_0x5c31a2a61a70;  1 drivers
v0x5c31a2a5af60_0 .net *"_ivl_14", 0 0, L_0x5c31a2a61ae0;  1 drivers
v0x5c31a2a5b050_0 .net *"_ivl_4", 0 0, L_0x5c31a2a616c0;  1 drivers
v0x5c31a2a5b130_0 .net *"_ivl_8", 0 0, L_0x5c31a2a618c0;  1 drivers
v0x5c31a2a5b260_0 .net "a", 0 0, v0x5c31a2a5dcc0_0;  alias, 1 drivers
v0x5c31a2a5b320_0 .net "b", 0 0, v0x5c31a2a5df90_0;  alias, 1 drivers
v0x5c31a2a5b3e0_0 .net "c", 0 0, v0x5c31a2a5e2b0_0;  alias, 1 drivers
v0x5c31a2a5b4a0_0 .net "d", 0 0, L_0x736c0ea88060;  1 drivers
v0x5c31a2a5b5f0_0 .net "p", 0 0, L_0x5c31a2a615e0;  alias, 1 drivers
v0x5c31a2a5b6b0_0 .net "q", 0 0, L_0x5c31a2a61650;  alias, 1 drivers
v0x5c31a2a5b770_0 .net "r", 0 0, L_0x5c31a2a61850;  alias, 1 drivers
v0x5c31a2a5b830_0 .net "s", 0 0, L_0x5c31a2a61bf0;  alias, 1 drivers
S_0x5c31a2a5bfc0 .scope module, "uut_peres" "full_adder_peres" 3 15, 4 4 0, S_0x5c31a2a29fd0;
 .timescale -9 -12;
    .port_info 0 /INPUT 1 "a";
    .port_info 1 /INPUT 1 "b";
    .port_info 2 /INPUT 1 "cin";
    .port_info 3 /OUTPUT 1 "sum";
    .port_info 4 /OUTPUT 1 "cout";
v0x5c31a2a5d3f0_0 .net "a", 0 0, v0x5c31a2a5ddb0_0;  1 drivers
v0x5c31a2a5d4b0_0 .net "b", 0 0, v0x5c31a2a5e0d0_0;  1 drivers
v0x5c31a2a5d580_0 .net "cin", 0 0, v0x5c31a2a5e3a0_0;  1 drivers
v0x5c31a2a5d680_0 .net "cout", 0 0, L_0x5c31a2a614b0;  alias, 1 drivers
v0x5c31a2a5d750_0 .net "g1", 0 0, L_0x5c31a2a60e90;  1 drivers
v0x5c31a2a5d840_0 .net "g2", 0 0, L_0x5c31a2a611f0;  1 drivers
v0x5c31a2a5d910_0 .net "p2", 0 0, L_0x5c31a2a60f50;  1 drivers
v0x5c31a2a5da00_0 .net "p3", 0 0, L_0x5c31a2a61150;  1 drivers
v0x5c31a2a5daf0_0 .net "sum", 0 0, L_0x5c31a2a61340;  alias, 1 drivers
S_0x5c31a2a5c1f0 .scope module, "gate1" "peres" 4 12, 2 63 0, S_0x5c31a2a5bfc0;
 .timescale -9 -12;
    .port_info 0 /INPUT 1 "a";
    .port_info 1 /INPUT 1 "b";
    .port_info 2 /INPUT 1 "c";
    .port_info 3 /OUTPUT 1 "p";
    .port_info 4 /OUTPUT 1 "q";
    .port_info 5 /OUTPUT 1 "r";
L_0x5c31a2a60e90 .functor BUFZ 1, v0x5c31a2a5ddb0_0, C4<0>, C4<0>, C4<0>;
L_0x5c31a2a60f50 .functor XOR 1, v0x5c31a2a5ddb0_0, v0x5c31a2a5e0d0_0, C4<0>, C4<0>;
L_0x5c31a2a61050 .functor AND 1, v0x5c31a2a5ddb0_0, v0x5c31a2a5e0d0_0, C4<1>, C4<1>;
L_0x736c0ea88018 .functor BUFT 1, C4<0>, C4<0>, C4<0>, C4<0>;
L_0x5c31a2a61150 .functor XOR 1, L_0x5c31a2a61050, L_0x736c0ea88018, C4<0>, C4<0>;
v0x5c31a2a5c470_0 .net *"_ivl_4", 0 0, L_0x5c31a2a61050;  1 drivers
v0x5c31a2a5c530_0 .net "a", 0 0, v0x5c31a2a5ddb0_0;  alias, 1 drivers
v0x5c31a2a5c5f0_0 .net "b", 0 0, v0x5c31a2a5e0d0_0;  alias, 1 drivers
v0x5c31a2a5c690_0 .net "c", 0 0, L_0x736c0ea88018;  1 drivers
v0x5c31a2a5c750_0 .net "p", 0 0, L_0x5c31a2a60e90;  alias, 1 drivers
v0x5c31a2a5c860_0 .net "q", 0 0, L_0x5c31a2a60f50;  alias, 1 drivers
v0x5c31a2a5c920_0 .net "r", 0 0, L_0x5c31a2a61150;  alias, 1 drivers
S_0x5c31a2a5cae0 .scope module, "gate2" "peres" 4 13, 2 63 0, S_0x5c31a2a5bfc0;
 .timescale -9 -12;
    .port_info 0 /INPUT 1 "a";
    .port_info 1 /INPUT 1 "b";
    .port_info 2 /INPUT 1 "c";
    .port_info 3 /OUTPUT 1 "p";
    .port_info 4 /OUTPUT 1 "q";
    .port_info 5 /OUTPUT 1 "r";
L_0x5c31a2a611f0 .functor BUFZ 1, L_0x5c31a2a60f50, C4<0>, C4<0>, C4<0>;
L_0x5c31a2a61340 .functor XOR 1, L_0x5c31a2a60f50, v0x5c31a2a5e3a0_0, C4<0>, C4<0>;
L_0x5c31a2a613b0 .functor AND 1, L_0x5c31a2a60f50, v0x5c31a2a5e3a0_0, C4<1>, C4<1>;
L_0x5c31a2a614b0 .functor XOR 1, L_0x5c31a2a613b0, L_0x5c31a2a61150, C4<0>, C4<0>;
v0x5c31a2a5cd80_0 .net *"_ivl_4", 0 0, L_0x5c31a2a613b0;  1 drivers
v0x5c31a2a5ce60_0 .net "a", 0 0, L_0x5c31a2a60f50;  alias, 1 drivers
v0x5c31a2a5cf20_0 .net "b", 0 0, v0x5c31a2a5e3a0_0;  alias, 1 drivers
v0x5c31a2a5cff0_0 .net "c", 0 0, L_0x5c31a2a61150;  alias, 1 drivers
v0x5c31a2a5d0c0_0 .net "p", 0 0, L_0x5c31a2a611f0;  alias, 1 drivers
v0x5c31a2a5d1b0_0 .net "q", 0 0, L_0x5c31a2a61340;  alias, 1 drivers
v0x5c31a2a5d250_0 .net "r", 0 0, L_0x5c31a2a614b0;  alias, 1 drivers
S_0x5c31a2a3dc30 .scope module, "tofGate" "tofGate" 2 37;
 .timescale -9 -12;
    .port_info 0 /INPUT 1 "a";
    .port_info 1 /INPUT 1 "b";
    .port_info 2 /INPUT 1 "c";
    .port_info 3 /OUTPUT 1 "p";
    .port_info 4 /OUTPUT 1 "q";
    .port_info 5 /OUTPUT 1 "r";
o0x736c0ead3028 .functor BUFZ 1, C4<z>; HiZ drive
L_0x5c31a2a62980 .functor BUFZ 1, o0x736c0ead3028, C4<0>, C4<0>, C4<0>;
o0x736c0ead3058 .functor BUFZ 1, C4<z>; HiZ drive
L_0x5c31a2a62a10 .functor BUFZ 1, o0x736c0ead3058, C4<0>, C4<0>, C4<0>;
L_0x5c31a2a62a80 .functor AND 1, o0x736c0ead3028, o0x736c0ead3058, C4<1>, C4<1>;
o0x736c0ead3088 .functor BUFZ 1, C4<z>; HiZ drive
L_0x5c31a2a62b90 .functor XOR 1, L_0x5c31a2a62a80, o0x736c0ead3088, C4<0>, C4<0>;
v0x5c31a2a5ed80_0 .net *"_ivl_4", 0 0, L_0x5c31a2a62a80;  1 drivers
v0x5c31a2a5ee60_0 .net "a", 0 0, o0x736c0ead3028;  0 drivers
v0x5c31a2a5ef20_0 .net "b", 0 0, o0x736c0ead3058;  0 drivers
v0x5c31a2a5efc0_0 .net "c", 0 0, o0x736c0ead3088;  0 drivers
v0x5c31a2a5f080_0 .net "p", 0 0, L_0x5c31a2a62980;  1 drivers
v0x5c31a2a5f190_0 .net "q", 0 0, L_0x5c31a2a62a10;  1 drivers
v0x5c31a2a5f250_0 .net "r", 0 0, L_0x5c31a2a62b90;  1 drivers
    .scope S_0x5c31a2a29fd0;
T_0 ;
    %vpi_call 3 41 "$display", "=== Full Adder/Subtractor Testbench ===" {0 0 0};
    %vpi_call 3 42 "$display", "Addition: result = a + b + cin" {0 0 0};
    %vpi_call 3 43 "$display", "Subtraction: result = a - b - cin (borrow)" {0 0 0};
    %vpi_call 3 44 "$display", "\000" {0 0 0};
    %pushi/vec4 0, 0, 1;
    %store/vec4 v0x5c31a2a5ea10_0, 0, 1;
    %vpi_call 3 48 "$display", "=== Testing Addition Mode (mode=0) ===" {0 0 0};
    %vpi_call 3 49 "$display", "Expected: result = a + b + cin, cout = carry out" {0 0 0};
    %vpi_call 3 50 "$display", "a b cin | Expected | Actual" {0 0 0};
    %vpi_call 3 51 "$display", "        | sum cout | result cout_brw" {0 0 0};
    %vpi_call 3 52 "$display", "--------|----------|----------------" {0 0 0};
    %fork t_1, S_0x5c31a2a57640;
    %jmp t_0;
    .scope S_0x5c31a2a57640;
t_1 ;
    %pushi/vec4 0, 0, 32;
    %store/vec4 v0x5c31a2a577f0_0, 0, 32;
T_0.0 ;
    %load/vec4 v0x5c31a2a577f0_0;
    %cmpi/s 8, 0, 32;
    %jmp/0xz T_0.1, 5;
    %load/vec4 v0x5c31a2a577f0_0;
    %pad/s 3;
    %split/vec4 1;
    %store/vec4 v0x5c31a2a5e3a0_0, 0, 1;
    %split/vec4 1;
    %store/vec4 v0x5c31a2a5e0d0_0, 0, 1;
    %store/vec4 v0x5c31a2a5ddb0_0, 0, 1;
    %load/vec4 v0x5c31a2a577f0_0;
    %pad/s 3;
    %split/vec4 1;
    %store/vec4 v0x5c31a2a5e2b0_0, 0, 1;
    %split/vec4 1;
    %store/vec4 v0x5c31a2a5df90_0, 0, 1;
    %store/vec4 v0x5c31a2a5dcc0_0, 0, 1;
    %load/vec4 v0x5c31a2a577f0_0;
    %pad/s 3;
    %split/vec4 1;
    %store/vec4 v0x5c31a2a5e1c0_0, 0, 1;
    %split/vec4 1;
    %store/vec4 v0x5c31a2a5dea0_0, 0, 1;
    %store/vec4 v0x5c31a2a5dc20_0, 0, 1;
    %delay 1000, 0;
    %load/vec4 v0x5c31a2a5dc20_0;
    %pad/u 2;
    %load/vec4 v0x5c31a2a5dea0_0;
    %pad/u 2;
    %add;
    %load/vec4 v0x5c31a2a5e1c0_0;
    %pad/u 2;
    %add;
    %store/vec4 v0x5c31a2a5e750_0, 0, 2;
    %load/vec4 v0x5c31a2a5eb00_0;
    %load/vec4 v0x5c31a2a5e750_0;
    %parti/s 1, 0, 2;
    %cmp/e;
    %flag_get/vec4 4;
    %jmp/0 T_0.4, 4;
    %load/vec4 v0x5c31a2a5e4d0_0;
    %load/vec4 v0x5c31a2a5e750_0;
    %parti/s 1, 1, 2;
    %cmp/e;
    %flag_get/vec4 4;
    %and;
T_0.4;
    %flag_set/vec4 8;
    %jmp/0 T_0.2, 8;
    %pushi/vec4 1346458451, 0, 32; draw_string_vec4
    %jmp/1 T_0.3, 8;
T_0.2 ; End of true expr.
    %pushi/vec4 1178683724, 0, 32; draw_string_vec4
    %jmp/0 T_0.3, 8;
 ; End of false expr.
    %blend;
T_0.3;
    %vpi_call 3 62 "$display", "%b %b %b   |  %b   %b   |   %b      %b     | %s", v0x5c31a2a5dc20_0, v0x5c31a2a5dea0_0, v0x5c31a2a5e1c0_0, &PV<v0x5c31a2a5e750_0, 0, 1>, &PV<v0x5c31a2a5e750_0, 1, 1>, v0x5c31a2a5eb00_0, v0x5c31a2a5e4d0_0, S<0,vec4,u32> {1 0 0};
    %delay 9000, 0;
    %load/vec4 v0x5c31a2a577f0_0;
    %addi 1, 0, 32;
    %store/vec4 v0x5c31a2a577f0_0, 0, 32;
    %jmp T_0.0;
T_0.1 ;
    %end;
    .scope S_0x5c31a2a29fd0;
t_0 %join;
    %vpi_call 3 70 "$display", "\000" {0 0 0};
    %pushi/vec4 1, 0, 1;
    %store/vec4 v0x5c31a2a5ea10_0, 0, 1;
    %vpi_call 3 74 "$display", "=== Testing Subtraction Mode (mode=1) ===" {0 0 0};
    %vpi_call 3 75 "$display", "Expected: result = a - b - cin, cout_brw = borrow out" {0 0 0};
    %vpi_call 3 76 "$display", "Note: Subtraction using 2's complement method" {0 0 0};
    %vpi_call 3 77 "$display", "a b cin | Expected | Actual" {0 0 0};
    %vpi_call 3 78 "$display", "        | diff brw | result cout_brw" {0 0 0};
    %vpi_call 3 79 "$display", "--------|----------|----------------" {0 0 0};
    %fork t_3, S_0x5c31a2a578f0;
    %jmp t_2;
    .scope S_0x5c31a2a578f0;
t_3 ;
    %pushi/vec4 0, 0, 32;
    %store/vec4 v0x5c31a2a57af0_0, 0, 32;
T_0.5 ;
    %load/vec4 v0x5c31a2a57af0_0;
    %cmpi/s 8, 0, 32;
    %jmp/0xz T_0.6, 5;
    %load/vec4 v0x5c31a2a57af0_0;
    %pad/s 3;
    %split/vec4 1;
    %store/vec4 v0x5c31a2a5e3a0_0, 0, 1;
    %split/vec4 1;
    %store/vec4 v0x5c31a2a5e0d0_0, 0, 1;
    %store/vec4 v0x5c31a2a5ddb0_0, 0, 1;
    %load/vec4 v0x5c31a2a57af0_0;
    %pad/s 3;
    %split/vec4 1;
    %store/vec4 v0x5c31a2a5e2b0_0, 0, 1;
    %split/vec4 1;
    %store/vec4 v0x5c31a2a5df90_0, 0, 1;
    %store/vec4 v0x5c31a2a5dcc0_0, 0, 1;
    %load/vec4 v0x5c31a2a57af0_0;
    %pad/s 3;
    %split/vec4 1;
    %store/vec4 v0x5c31a2a5e1c0_0, 0, 1;
    %split/vec4 1;
    %store/vec4 v0x5c31a2a5dea0_0, 0, 1;
    %store/vec4 v0x5c31a2a5dc20_0, 0, 1;
    %delay 1000, 0;
    %load/vec4 v0x5c31a2a5dc20_0;
    %pad/u 32;
    %load/vec4 v0x5c31a2a5dea0_0;
    %pad/u 32;
    %sub;
    %load/vec4 v0x5c31a2a5e1c0_0;
    %pad/u 32;
    %sub;
    %store/vec4 v0x5c31a2a5e930_0, 0, 32;
    %load/vec4 v0x5c31a2a5e930_0;
    %cmpi/s 0, 0, 32;
    %flag_inv 5; GE is !LT
    %jmp/0xz  T_0.7, 5;
    %load/vec4 v0x5c31a2a5e930_0;
    %parti/s 1, 0, 2;
    %store/vec4 v0x5c31a2a5e890_0, 0, 1;
    %pushi/vec4 0, 0, 1;
    %store/vec4 v0x5c31a2a5e7f0_0, 0, 1;
    %jmp T_0.8;
T_0.7 ;
    %load/vec4 v0x5c31a2a5e930_0;
    %addi 2, 0, 32;
    %pushi/vec4 1, 0, 32;
    %and;
    %pad/u 1;
    %store/vec4 v0x5c31a2a5e890_0, 0, 1;
    %pushi/vec4 1, 0, 1;
    %store/vec4 v0x5c31a2a5e7f0_0, 0, 1;
T_0.8 ;
    %load/vec4 v0x5c31a2a5eb00_0;
    %load/vec4 v0x5c31a2a5e890_0;
    %cmp/e;
    %flag_get/vec4 4;
    %jmp/0 T_0.11, 4;
    %load/vec4 v0x5c31a2a5e4d0_0;
    %load/vec4 v0x5c31a2a5e7f0_0;
    %cmp/e;
    %flag_get/vec4 4;
    %and;
T_0.11;
    %flag_set/vec4 8;
    %jmp/0 T_0.9, 8;
    %pushi/vec4 1346458451, 0, 32; draw_string_vec4
    %jmp/1 T_0.10, 8;
T_0.9 ; End of true expr.
    %pushi/vec4 1178683724, 0, 32; draw_string_vec4
    %jmp/0 T_0.10, 8;
 ; End of false expr.
    %blend;
T_0.10;
    %vpi_call 3 100 "$display", "%b %b %b   |  %b   %b   |   %b      %b     | %s", v0x5c31a2a5dc20_0, v0x5c31a2a5dea0_0, v0x5c31a2a5e1c0_0, v0x5c31a2a5e890_0, v0x5c31a2a5e7f0_0, v0x5c31a2a5eb00_0, v0x5c31a2a5e4d0_0, S<0,vec4,u32> {1 0 0};
    %delay 9000, 0;
    %load/vec4 v0x5c31a2a57af0_0;
    %addi 1, 0, 32;
    %store/vec4 v0x5c31a2a57af0_0, 0, 32;
    %jmp T_0.5;
T_0.6 ;
    %end;
    .scope S_0x5c31a2a29fd0;
t_2 %join;
    %vpi_call 3 108 "$finish" {0 0 0};
    %end;
    .thread T_0;
# The file index is used to find the file name in the following table.
:file_names 5;
    "N/A";
    "<interactive>";
    "./gates.v";
    "full_adder_tb.v";
    "./full_adder.v";
